<?xml version="1.0" encoding="UTF-8"?>
<!-- Generated by org.testng.reporters.JUnitXMLReporter -->
<testsuite ignored="0" hostname="IBM-5CNJKM3" failures="0" tests="4" name="Default test" time="61.363" errors="0" timestamp="2023-08-08T13:10:56 IST">
  <testcase classname="searchPage.SearchMail" name="enter_customer_EMail" time="18.464"/>
  <testcase classname="searchPage.SearchMail" name="enter_customer_EMail" time="13.304"/>
  <testcase classname="searchPage.SearchMail" name="enter_customer_EMail" time="13.293"/>
  <testcase classname="searchPage.SearchMail" name="enter_customer_EMail" time="13.246"/>
</testsuite> <!-- Default test -->
