<?xml version="1.0" encoding="UTF-8"?>
<!-- Generated by org.testng.reporters.JUnitXMLReporter -->
<testsuite ignored="0" hostname="IBM-5CNJKM3" failures="0" tests="4" name="Test" time="62.994" errors="0" timestamp="2023-08-08T13:22:29 IST">
  <testcase classname="searchPage.SearchMail" name="enter_customer_EMail" time="18.746"/>
  <testcase classname="searchPage.SearchMail" name="enter_customer_EMail" time="13.529"/>
  <testcase classname="searchPage.SearchMail" name="enter_customer_EMail" time="13.662"/>
  <testcase classname="searchPage.SearchMail" name="enter_customer_EMail" time="13.844"/>
</testsuite> <!-- Test -->
