<?xml version="1.0" encoding="UTF-8"?>
<testng-results ignored="0" total="4" passed="4" failed="0" skipped="0">
  <reporter-output>
  </reporter-output>
  <suite started-at="2023-08-08T13:21:26 IST" name="Suite" finished-at="2023-08-08T13:22:29 IST" duration-ms="62994">
    <groups>
    </groups>
    <test started-at="2023-08-08T13:21:26 IST" name="Test" finished-at="2023-08-08T13:22:29 IST" duration-ms="62994">
      <class name="searchPage.SearchMail">
        <test-method is-config="true" signature="setup()[pri:0, instance:searchPage.SearchMail@4f2b503c]" started-at="2023-08-08T13:21:26 IST" name="setup" finished-at="2023-08-08T13:21:29 IST" duration-ms="2972" status="PASS">
          <reporter-output>
          </reporter-output>
        </test-method> <!-- setup -->
        <test-method signature="enter_customer_EMail(java.lang.String)[pri:0, instance:searchPage.SearchMail@4f2b503c]" started-at="2023-08-08T13:21:29 IST" name="enter_customer_EMail" data-provider="regressionTestData" finished-at="2023-08-08T13:21:48 IST" duration-ms="18746" status="PASS">
          <params>
            <param index="0">
              <value>
                <![CDATA[victoria_victoria@nopCommerce.com]]>
              </value>
            </param>
          </params>
          <reporter-output>
          </reporter-output>
        </test-method> <!-- enter_customer_EMail -->
        <test-method signature="enter_customer_EMail(java.lang.String)[pri:0, instance:searchPage.SearchMail@4f2b503c]" started-at="2023-08-08T13:21:48 IST" name="enter_customer_EMail" data-provider="regressionTestData" finished-at="2023-08-08T13:22:02 IST" duration-ms="13529" status="PASS">
          <params>
            <param index="0">
              <value>
                <![CDATA[arthur_holmes@nopCommerce.com]]>
              </value>
            </param>
          </params>
          <reporter-output>
          </reporter-output>
        </test-method> <!-- enter_customer_EMail -->
        <test-method signature="enter_customer_EMail(java.lang.String)[pri:0, instance:searchPage.SearchMail@4f2b503c]" started-at="2023-08-08T13:22:02 IST" name="enter_customer_EMail" data-provider="regressionTestData" finished-at="2023-08-08T13:22:15 IST" duration-ms="13662" status="PASS">
          <params>
            <param index="0">
              <value>
                <![CDATA[james_pan@nopCommerce.com]]>
              </value>
            </param>
          </params>
          <reporter-output>
          </reporter-output>
        </test-method> <!-- enter_customer_EMail -->
        <test-method signature="enter_customer_EMail(java.lang.String)[pri:0, instance:searchPage.SearchMail@4f2b503c]" started-at="2023-08-08T13:22:15 IST" name="enter_customer_EMail" data-provider="regressionTestData" finished-at="2023-08-08T13:22:29 IST" duration-ms="13844" status="PASS">
          <params>
            <param index="0">
              <value>
                <![CDATA[admin@yourStore.com]]>
              </value>
            </param>
          </params>
          <reporter-output>
          </reporter-output>
        </test-method> <!-- enter_customer_EMail -->
        <test-method is-config="true" signature="closeApp()[pri:0, instance:searchPage.SearchMail@4f2b503c]" started-at="2023-08-08T13:22:29 IST" name="closeApp" finished-at="2023-08-08T13:22:29 IST" duration-ms="207" status="PASS">
          <reporter-output>
          </reporter-output>
        </test-method> <!-- closeApp -->
      </class> <!-- searchPage.SearchMail -->
    </test> <!-- Test -->
  </suite> <!-- Suite -->
</testng-results>
